2017-05-06 6:26:46 - PHP Notice:  Undefined variable: review in /var/www/html/upload/catalog/view/theme/default/template/product/product.tpl on line 191
2017-05-06 6:40:32 - PHP Notice:  Undefined index: name in /var/www/html/upload/catalog/controller/product/product.php on line 605
2017-05-06 6:40:32 - PHP Notice:  Undefined index: text in /var/www/html/upload/catalog/controller/product/product.php on line 609
2017-05-06 6:41:01 - PHP Notice:  Undefined index: name in /var/www/html/upload/catalog/controller/product/product.php on line 605
2017-05-06 6:41:01 - PHP Notice:  Undefined index: text in /var/www/html/upload/catalog/controller/product/product.php on line 609
2017-05-06 8:00:50 - PHP Notice:  Undefined variable: tele in /var/www/html/upload/catalog/view/theme/default/template/common/header.tpl on line 144
2017-05-06 8:00:50 - PHP Notice:  Use of undefined constant phone - assumed 'phone' in /var/www/html/upload/catalog/view/theme/default/template/common/header.tpl on line 144
2017-05-06 8:06:22 - PHP Notice:  Undefined variable: tele in /var/www/html/upload/catalog/view/theme/default/template/common/header.tpl on line 144
2017-05-06 8:06:22 - PHP Notice:  Use of undefined constant phone - assumed 'phone' in /var/www/html/upload/catalog/view/theme/default/template/common/header.tpl on line 144
2017-05-06 8:06:33 - PHP Notice:  Undefined variable: tele in /var/www/html/upload/catalog/view/theme/default/template/common/header.tpl on line 144
2017-05-06 8:06:33 - PHP Notice:  Use of undefined constant phone - assumed 'phone' in /var/www/html/upload/catalog/view/theme/default/template/common/header.tpl on line 144
2017-05-06 8:06:36 - PHP Notice:  Undefined variable: tele in /var/www/html/upload/catalog/view/theme/default/template/common/header.tpl on line 144
2017-05-06 8:06:36 - PHP Notice:  Use of undefined constant phone - assumed 'phone' in /var/www/html/upload/catalog/view/theme/default/template/common/header.tpl on line 144
2017-05-06 8:06:38 - PHP Notice:  Undefined variable: tele in /var/www/html/upload/catalog/view/theme/default/template/common/header.tpl on line 144
2017-05-06 8:06:38 - PHP Notice:  Use of undefined constant phone - assumed 'phone' in /var/www/html/upload/catalog/view/theme/default/template/common/header.tpl on line 144
2017-05-06 8:06:41 - PHP Notice:  Undefined variable: tele in /var/www/html/upload/catalog/view/theme/default/template/common/header.tpl on line 144
2017-05-06 8:06:41 - PHP Notice:  Use of undefined constant phone - assumed 'phone' in /var/www/html/upload/catalog/view/theme/default/template/common/header.tpl on line 144
2017-05-06 8:06:42 - PHP Notice:  Undefined variable: tele in /var/www/html/upload/catalog/view/theme/default/template/common/header.tpl on line 144
2017-05-06 8:06:42 - PHP Notice:  Use of undefined constant phone - assumed 'phone' in /var/www/html/upload/catalog/view/theme/default/template/common/header.tpl on line 144
2017-05-06 8:06:44 - PHP Notice:  Undefined variable: tele in /var/www/html/upload/catalog/view/theme/default/template/common/header.tpl on line 144
2017-05-06 8:06:44 - PHP Notice:  Use of undefined constant phone - assumed 'phone' in /var/www/html/upload/catalog/view/theme/default/template/common/header.tpl on line 144
2017-05-06 8:06:47 - PHP Notice:  Undefined variable: tele in /var/www/html/upload/catalog/view/theme/default/template/common/header.tpl on line 144
2017-05-06 8:06:47 - PHP Notice:  Use of undefined constant phone - assumed 'phone' in /var/www/html/upload/catalog/view/theme/default/template/common/header.tpl on line 144
2017-05-06 8:06:54 - PHP Notice:  Undefined variable: tele in /var/www/html/upload/catalog/view/theme/default/template/common/header.tpl on line 144
2017-05-06 8:06:54 - PHP Notice:  Use of undefined constant phone - assumed 'phone' in /var/www/html/upload/catalog/view/theme/default/template/common/header.tpl on line 144
2017-05-06 8:06:56 - PHP Notice:  Undefined variable: tele in /var/www/html/upload/catalog/view/theme/default/template/common/header.tpl on line 144
2017-05-06 8:06:56 - PHP Notice:  Use of undefined constant phone - assumed 'phone' in /var/www/html/upload/catalog/view/theme/default/template/common/header.tpl on line 144
2017-05-06 8:06:59 - PHP Notice:  Undefined variable: tele in /var/www/html/upload/catalog/view/theme/default/template/common/header.tpl on line 144
2017-05-06 8:06:59 - PHP Notice:  Use of undefined constant phone - assumed 'phone' in /var/www/html/upload/catalog/view/theme/default/template/common/header.tpl on line 144
2017-05-06 8:07:52 - PHP Notice:  Undefined variable: tele in /var/www/html/upload/catalog/view/theme/default/template/common/header.tpl on line 144
2017-05-06 8:07:52 - PHP Notice:  Use of undefined constant phone - assumed 'phone' in /var/www/html/upload/catalog/view/theme/default/template/common/header.tpl on line 144
2017-05-06 8:08:09 - PHP Notice:  Undefined variable: tele in /var/www/html/upload/catalog/view/theme/default/template/common/header.tpl on line 144
2017-05-06 8:08:09 - PHP Notice:  Use of undefined constant phone - assumed 'phone' in /var/www/html/upload/catalog/view/theme/default/template/common/header.tpl on line 144
2017-05-06 8:14:24 - PHP Notice:  Undefined variable: tele in /var/www/html/upload/catalog/view/theme/default/template/common/header.tpl on line 144
2017-05-06 8:14:24 - PHP Notice:  Use of undefined constant phone - assumed 'phone' in /var/www/html/upload/catalog/view/theme/default/template/common/header.tpl on line 144
2017-05-06 8:14:26 - PHP Notice:  Undefined variable: tele in /var/www/html/upload/catalog/view/theme/default/template/common/header.tpl on line 144
2017-05-06 8:14:26 - PHP Notice:  Use of undefined constant phone - assumed 'phone' in /var/www/html/upload/catalog/view/theme/default/template/common/header.tpl on line 144
2017-05-06 8:14:40 - PHP Notice:  Undefined variable: tele in /var/www/html/upload/catalog/view/theme/default/template/common/header.tpl on line 144
2017-05-06 8:14:40 - PHP Notice:  Use of undefined constant phone - assumed 'phone' in /var/www/html/upload/catalog/view/theme/default/template/common/header.tpl on line 144
2017-05-06 8:14:46 - PHP Notice:  Undefined variable: tele in /var/www/html/upload/catalog/view/theme/default/template/common/header.tpl on line 144
2017-05-06 8:14:46 - PHP Notice:  Use of undefined constant phone - assumed 'phone' in /var/www/html/upload/catalog/view/theme/default/template/common/header.tpl on line 144
2017-05-06 8:14:48 - PHP Notice:  Undefined variable: tele in /var/www/html/upload/catalog/view/theme/default/template/common/header.tpl on line 144
2017-05-06 8:14:48 - PHP Notice:  Use of undefined constant phone - assumed 'phone' in /var/www/html/upload/catalog/view/theme/default/template/common/header.tpl on line 144
2017-05-06 8:14:51 - PHP Notice:  Undefined variable: tele in /var/www/html/upload/catalog/view/theme/default/template/common/header.tpl on line 144
2017-05-06 8:14:51 - PHP Notice:  Use of undefined constant phone - assumed 'phone' in /var/www/html/upload/catalog/view/theme/default/template/common/header.tpl on line 144
